<?xml version="1.0" encoding="UTF-8"?>
<coverage generated="1701259219899" clover="3.2.0">
  <project timestamp="1701259219899" name="All files">
    <metrics statements="187" coveredstatements="96" conditionals="122" coveredconditionals="3" methods="24" coveredmethods="4" elements="333" coveredelements="103" complexity="0" loc="187" ncloc="187" packages="2" files="22" classes="22"/>
    <package name="src">
      <metrics statements="84" coveredstatements="14" conditionals="94" coveredconditionals="1" methods="13" coveredmethods="1"/>
      <file name="ceil.js" path="C:\Users\Tomi\Desktop\Lipasto\COMP.SE.200 Ohjelmistojen testaus\COMP.SE.200-Assignment-Kallungit\src\ceil.js">
        <metrics statements="1" coveredstatements="1" conditionals="0" coveredconditionals="0" methods="0" coveredmethods="0"/>
        <line num="22" count="1" type="stmt"/>
      </file>
      <file name="clamp.js" path="C:\Users\Tomi\Desktop\Lipasto\COMP.SE.200 Ohjelmistojen testaus\COMP.SE.200-Assignment-Kallungit\src\clamp.js">
        <metrics statements="9" coveredstatements="0" conditionals="10" coveredconditionals="0" methods="1" coveredmethods="0"/>
        <line num="19" count="0" type="stmt"/>
        <line num="20" count="0" type="stmt"/>
        <line num="21" count="0" type="stmt"/>
        <line num="22" count="0" type="cond" truecount="0" falsecount="2"/>
        <line num="23" count="0" type="cond" truecount="0" falsecount="2"/>
        <line num="24" count="0" type="cond" truecount="0" falsecount="2"/>
        <line num="25" count="0" type="cond" truecount="0" falsecount="2"/>
        <line num="26" count="0" type="cond" truecount="0" falsecount="2"/>
        <line num="28" count="0" type="stmt"/>
      </file>
      <file name="eq.js" path="C:\Users\Tomi\Desktop\Lipasto\COMP.SE.200 Ohjelmistojen testaus\COMP.SE.200-Assignment-Kallungit\src\eq.js">
        <metrics statements="1" coveredstatements="1" conditionals="3" coveredconditionals="1" methods="1" coveredmethods="1"/>
        <line num="32" count="1" type="cond" truecount="1" falsecount="2"/>
      </file>
      <file name="isObject.js" path="C:\Users\Tomi\Desktop\Lipasto\COMP.SE.200 Ohjelmistojen testaus\COMP.SE.200-Assignment-Kallungit\src\isObject.js">
        <metrics statements="2" coveredstatements="0" conditionals="3" coveredconditionals="0" methods="1" coveredmethods="0"/>
        <line num="25" count="0" type="stmt"/>
        <line num="26" count="0" type="cond" truecount="0" falsecount="3"/>
      </file>
      <file name="isSymbol.js" path="C:\Users\Tomi\Desktop\Lipasto\COMP.SE.200 Ohjelmistojen testaus\COMP.SE.200-Assignment-Kallungit\src\isSymbol.js">
        <metrics statements="2" coveredstatements="0" conditionals="4" coveredconditionals="0" methods="1" coveredmethods="0"/>
        <line num="19" count="0" type="stmt"/>
        <line num="20" count="0" type="cond" truecount="0" falsecount="4"/>
      </file>
      <file name="map.js" path="C:\Users\Tomi\Desktop\Lipasto\COMP.SE.200 Ohjelmistojen testaus\COMP.SE.200-Assignment-Kallungit\src\map.js">
        <metrics statements="6" coveredstatements="0" conditionals="2" coveredconditionals="0" methods="1" coveredmethods="0"/>
        <line num="20" count="0" type="stmt"/>
        <line num="21" count="0" type="cond" truecount="0" falsecount="2"/>
        <line num="22" count="0" type="stmt"/>
        <line num="24" count="0" type="stmt"/>
        <line num="25" count="0" type="stmt"/>
        <line num="27" count="0" type="stmt"/>
      </file>
      <file name="slice.js" path="C:\Users\Tomi\Desktop\Lipasto\COMP.SE.200 Ohjelmistojen testaus\COMP.SE.200-Assignment-Kallungit\src\slice.js">
        <metrics statements="16" coveredstatements="0" conditionals="16" coveredconditionals="0" methods="1" coveredmethods="0"/>
        <line num="22" count="0" type="cond" truecount="0" falsecount="2"/>
        <line num="23" count="0" type="cond" truecount="0" falsecount="2"/>
        <line num="24" count="0" type="stmt"/>
        <line num="26" count="0" type="cond" truecount="0" falsecount="2"/>
        <line num="27" count="0" type="cond" truecount="0" falsecount="2"/>
        <line num="29" count="0" type="cond" truecount="0" falsecount="2"/>
        <line num="30" count="0" type="cond" truecount="0" falsecount="2"/>
        <line num="32" count="0" type="cond" truecount="0" falsecount="2"/>
        <line num="33" count="0" type="stmt"/>
        <line num="35" count="0" type="cond" truecount="0" falsecount="2"/>
        <line num="36" count="0" type="stmt"/>
        <line num="38" count="0" type="stmt"/>
        <line num="39" count="0" type="stmt"/>
        <line num="40" count="0" type="stmt"/>
        <line num="41" count="0" type="stmt"/>
        <line num="43" count="0" type="stmt"/>
      </file>
      <file name="toFinite.js" path="C:\Users\Tomi\Desktop\Lipasto\COMP.SE.200 Ohjelmistojen testaus\COMP.SE.200-Assignment-Kallungit\src\toFinite.js">
        <metrics statements="9" coveredstatements="2" conditionals="12" coveredconditionals="0" methods="1" coveredmethods="0"/>
        <line num="4" count="2" type="stmt"/>
        <line num="5" count="2" type="stmt"/>
        <line num="29" count="0" type="cond" truecount="0" falsecount="2"/>
        <line num="30" count="0" type="cond" truecount="0" falsecount="2"/>
        <line num="32" count="0" type="stmt"/>
        <line num="33" count="0" type="cond" truecount="0" falsecount="4"/>
        <line num="34" count="0" type="cond" truecount="0" falsecount="2"/>
        <line num="35" count="0" type="stmt"/>
        <line num="37" count="0" type="cond" truecount="0" falsecount="2"/>
      </file>
      <file name="toInteger.js" path="C:\Users\Tomi\Desktop\Lipasto\COMP.SE.200 Ohjelmistojen testaus\COMP.SE.200-Assignment-Kallungit\src\toInteger.js">
        <metrics statements="3" coveredstatements="0" conditionals="2" coveredconditionals="0" methods="1" coveredmethods="0"/>
        <line num="29" count="0" type="stmt"/>
        <line num="30" count="0" type="stmt"/>
        <line num="32" count="0" type="cond" truecount="0" falsecount="2"/>
      </file>
      <file name="toNumber.js" path="C:\Users\Tomi\Desktop\Lipasto\COMP.SE.200 Ohjelmistojen testaus\COMP.SE.200-Assignment-Kallungit\src\toNumber.js">
        <metrics statements="18" coveredstatements="6" conditionals="22" coveredconditionals="0" methods="1" coveredmethods="0"/>
        <line num="5" count="3" type="stmt"/>
        <line num="8" count="3" type="stmt"/>
        <line num="11" count="3" type="stmt"/>
        <line num="14" count="3" type="stmt"/>
        <line num="17" count="3" type="stmt"/>
        <line num="20" count="3" type="stmt"/>
        <line num="45" count="0" type="cond" truecount="0" falsecount="2"/>
        <line num="46" count="0" type="stmt"/>
        <line num="48" count="0" type="cond" truecount="0" falsecount="2"/>
        <line num="49" count="0" type="stmt"/>
        <line num="51" count="0" type="cond" truecount="0" falsecount="2"/>
        <line num="52" count="0" type="cond" truecount="0" falsecount="2"/>
        <line num="53" count="0" type="cond" truecount="0" falsecount="2"/>
        <line num="55" count="0" type="cond" truecount="0" falsecount="2"/>
        <line num="56" count="0" type="cond" truecount="0" falsecount="2"/>
        <line num="58" count="0" type="stmt"/>
        <line num="59" count="0" type="stmt"/>
        <line num="60" count="0" type="cond" truecount="0" falsecount="4"/>
      </file>
      <file name="toString.js" path="C:\Users\Tomi\Desktop\Lipasto\COMP.SE.200 Ohjelmistojen testaus\COMP.SE.200-Assignment-Kallungit\src\toString.js">
        <metrics statements="9" coveredstatements="1" conditionals="12" coveredconditionals="0" methods="2" coveredmethods="0"/>
        <line num="4" count="1" type="stmt"/>
        <line num="28" count="0" type="cond" truecount="0" falsecount="2"/>
        <line num="29" count="0" type="stmt"/>
        <line num="31" count="0" type="cond" truecount="0" falsecount="2"/>
        <line num="33" count="0" type="cond" truecount="0" falsecount="2"/>
        <line num="35" count="0" type="cond" truecount="0" falsecount="2"/>
        <line num="36" count="0" type="stmt"/>
        <line num="38" count="0" type="stmt"/>
        <line num="39" count="0" type="cond" truecount="0" falsecount="4"/>
      </file>
      <file name="upperFirst.js" path="C:\Users\Tomi\Desktop\Lipasto\COMP.SE.200 Ohjelmistojen testaus\COMP.SE.200-Assignment-Kallungit\src\upperFirst.js">
        <metrics statements="1" coveredstatements="1" conditionals="0" coveredconditionals="0" methods="0" coveredmethods="0"/>
        <line num="19" count="1" type="stmt"/>
      </file>
      <file name="words.js" path="C:\Users\Tomi\Desktop\Lipasto\COMP.SE.200 Ohjelmistojen testaus\COMP.SE.200-Assignment-Kallungit\src\words.js">
        <metrics statements="7" coveredstatements="2" conditionals="8" coveredconditionals="0" methods="2" coveredmethods="0"/>
        <line num="3" count="1" type="stmt"/>
        <line num="8" count="1" type="stmt"/>
        <line num="11" count="0" type="stmt"/>
        <line num="31" count="0" type="cond" truecount="0" falsecount="2"/>
        <line num="32" count="0" type="cond" truecount="0" falsecount="2"/>
        <line num="33" count="0" type="cond" truecount="0" falsecount="2"/>
        <line num="35" count="0" type="cond" truecount="0" falsecount="2"/>
      </file>
    </package>
    <package name="src..internal">
      <metrics statements="103" coveredstatements="82" conditionals="28" coveredconditionals="2" methods="11" coveredmethods="3"/>
      <file name="asciiToArray.js" path="C:\Users\Tomi\Desktop\Lipasto\COMP.SE.200 Ohjelmistojen testaus\COMP.SE.200-Assignment-Kallungit\src\.internal\asciiToArray.js">
        <metrics statements="1" coveredstatements="0" conditionals="0" coveredconditionals="0" methods="1" coveredmethods="0"/>
        <line num="9" count="0" type="stmt"/>
      </file>
      <file name="castSlice.js" path="C:\Users\Tomi\Desktop\Lipasto\COMP.SE.200 Ohjelmistojen testaus\COMP.SE.200-Assignment-Kallungit\src\.internal\castSlice.js">
        <metrics statements="3" coveredstatements="0" conditionals="6" coveredconditionals="0" methods="1" coveredmethods="0"/>
        <line num="13" count="0" type="stmt"/>
        <line num="14" count="0" type="cond" truecount="0" falsecount="2"/>
        <line num="15" count="0" type="cond" truecount="0" falsecount="4"/>
      </file>
      <file name="createCaseFirst.js" path="C:\Users\Tomi\Desktop\Lipasto\COMP.SE.200 Ohjelmistojen testaus\COMP.SE.200-Assignment-Kallungit\src\.internal\createCaseFirst.js">
        <metrics statements="7" coveredstatements="1" conditionals="8" coveredconditionals="0" methods="2" coveredmethods="1"/>
        <line num="13" count="1" type="stmt"/>
        <line num="14" count="0" type="cond" truecount="0" falsecount="2"/>
        <line num="15" count="0" type="stmt"/>
        <line num="18" count="0" type="cond" truecount="0" falsecount="2"/>
        <line num="22" count="0" type="cond" truecount="0" falsecount="2"/>
        <line num="26" count="0" type="cond" truecount="0" falsecount="2"/>
        <line num="30" count="0" type="stmt"/>
      </file>
      <file name="createRound.js" path="C:\Users\Tomi\Desktop\Lipasto\COMP.SE.200 Ohjelmistojen testaus\COMP.SE.200-Assignment-Kallungit\src\.internal\createRound.js">
        <metrics statements="9" coveredstatements="5" conditionals="6" coveredconditionals="2" methods="2" coveredmethods="2"/>
        <line num="9" count="1" type="stmt"/>
        <line num="10" count="1" type="stmt"/>
        <line num="11" count="1" type="cond" truecount="1" falsecount="3"/>
        <line num="12" count="1" type="cond" truecount="1" falsecount="1"/>
        <line num="15" count="0" type="stmt"/>
        <line num="16" count="0" type="stmt"/>
        <line num="18" count="0" type="stmt"/>
        <line num="19" count="0" type="stmt"/>
        <line num="21" count="1" type="stmt"/>
      </file>
      <file name="getTag.js" path="C:\Users\Tomi\Desktop\Lipasto\COMP.SE.200 Ohjelmistojen testaus\COMP.SE.200-Assignment-Kallungit\src\.internal\getTag.js">
        <metrics statements="4" coveredstatements="1" conditionals="4" coveredconditionals="0" methods="1" coveredmethods="0"/>
        <line num="1" count="4" type="stmt"/>
        <line num="11" count="0" type="cond" truecount="0" falsecount="2"/>
        <line num="12" count="0" type="cond" truecount="0" falsecount="2"/>
        <line num="14" count="0" type="stmt"/>
      </file>
      <file name="hasUnicode.js" path="C:\Users\Tomi\Desktop\Lipasto\COMP.SE.200 Ohjelmistojen testaus\COMP.SE.200-Assignment-Kallungit\src\.internal\hasUnicode.js">
        <metrics statements="11" coveredstatements="10" conditionals="0" coveredconditionals="0" methods="1" coveredmethods="0"/>
        <line num="2" count="1" type="stmt"/>
        <line num="3" count="1" type="stmt"/>
        <line num="4" count="1" type="stmt"/>
        <line num="5" count="1" type="stmt"/>
        <line num="6" count="1" type="stmt"/>
        <line num="7" count="1" type="stmt"/>
        <line num="8" count="1" type="stmt"/>
        <line num="9" count="1" type="stmt"/>
        <line num="12" count="1" type="stmt"/>
        <line num="15" count="1" type="stmt"/>
        <line num="25" count="0" type="stmt"/>
      </file>
      <file name="stringToArray.js" path="C:\Users\Tomi\Desktop\Lipasto\COMP.SE.200 Ohjelmistojen testaus\COMP.SE.200-Assignment-Kallungit\src\.internal\stringToArray.js">
        <metrics statements="1" coveredstatements="0" conditionals="2" coveredconditionals="0" methods="1" coveredmethods="0"/>
        <line num="13" count="0" type="cond" truecount="0" falsecount="2"/>
      </file>
      <file name="unicodeToArray.js" path="C:\Users\Tomi\Desktop\Lipasto\COMP.SE.200 Ohjelmistojen testaus\COMP.SE.200-Assignment-Kallungit\src\.internal\unicodeToArray.js">
        <metrics statements="24" coveredstatements="23" conditionals="2" coveredconditionals="0" methods="1" coveredmethods="0"/>
        <line num="2" count="1" type="stmt"/>
        <line num="3" count="1" type="stmt"/>
        <line num="4" count="1" type="stmt"/>
        <line num="5" count="1" type="stmt"/>
        <line num="6" count="1" type="stmt"/>
        <line num="7" count="1" type="stmt"/>
        <line num="8" count="1" type="stmt"/>
        <line num="9" count="1" type="stmt"/>
        <line num="12" count="1" type="stmt"/>
        <line num="13" count="1" type="stmt"/>
        <line num="14" count="1" type="stmt"/>
        <line num="15" count="1" type="stmt"/>
        <line num="16" count="1" type="stmt"/>
        <line num="17" count="1" type="stmt"/>
        <line num="18" count="1" type="stmt"/>
        <line num="19" count="1" type="stmt"/>
        <line num="22" count="1" type="stmt"/>
        <line num="23" count="1" type="stmt"/>
        <line num="24" count="1" type="stmt"/>
        <line num="25" count="1" type="stmt"/>
        <line num="26" count="1" type="stmt"/>
        <line num="27" count="1" type="stmt"/>
        <line num="30" count="1" type="stmt"/>
        <line num="40" count="0" type="cond" truecount="0" falsecount="2"/>
      </file>
      <file name="unicodeWords.js" path="C:\Users\Tomi\Desktop\Lipasto\COMP.SE.200 Ohjelmistojen testaus\COMP.SE.200-Assignment-Kallungit\src\.internal\unicodeWords.js">
        <metrics statements="43" coveredstatements="42" conditionals="0" coveredconditionals="0" methods="1" coveredmethods="0"/>
        <line num="2" count="1" type="stmt"/>
        <line num="3" count="1" type="stmt"/>
        <line num="4" count="1" type="stmt"/>
        <line num="5" count="1" type="stmt"/>
        <line num="6" count="1" type="stmt"/>
        <line num="7" count="1" type="stmt"/>
        <line num="8" count="1" type="stmt"/>
        <line num="9" count="1" type="stmt"/>
        <line num="10" count="1" type="stmt"/>
        <line num="11" count="1" type="stmt"/>
        <line num="12" count="1" type="stmt"/>
        <line num="13" count="1" type="stmt"/>
        <line num="14" count="1" type="stmt"/>
        <line num="15" count="1" type="stmt"/>
        <line num="16" count="1" type="stmt"/>
        <line num="17" count="1" type="stmt"/>
        <line num="20" count="1" type="stmt"/>
        <line num="21" count="1" type="stmt"/>
        <line num="22" count="1" type="stmt"/>
        <line num="23" count="1" type="stmt"/>
        <line num="24" count="1" type="stmt"/>
        <line num="25" count="1" type="stmt"/>
        <line num="26" count="1" type="stmt"/>
        <line num="27" count="1" type="stmt"/>
        <line num="28" count="1" type="stmt"/>
        <line num="29" count="1" type="stmt"/>
        <line num="30" count="1" type="stmt"/>
        <line num="31" count="1" type="stmt"/>
        <line num="32" count="1" type="stmt"/>
        <line num="33" count="1" type="stmt"/>
        <line num="36" count="1" type="stmt"/>
        <line num="37" count="1" type="stmt"/>
        <line num="38" count="1" type="stmt"/>
        <line num="39" count="1" type="stmt"/>
        <line num="40" count="1" type="stmt"/>
        <line num="41" count="1" type="stmt"/>
        <line num="42" count="1" type="stmt"/>
        <line num="43" count="1" type="stmt"/>
        <line num="44" count="1" type="stmt"/>
        <line num="45" count="1" type="stmt"/>
        <line num="46" count="1" type="stmt"/>
        <line num="48" count="1" type="stmt"/>
        <line num="67" count="0" type="stmt"/>
      </file>
    </package>
  </project>
</coverage>
